$VAR1 = {
          'emission' => {
                          '3-6' => {
                                     'Washington Blvd' => '0',
                                     'Airport' => 0,
                                     'Washington Place' => '0.333333333333333',
                                     'Barbara' => '0',
                                     'Ocean Park Blvd' => '0',
                                     'Rose' => '0',
                                     'Charnock' => 0,
                                     'Olympic' => '0.25',
                                     'Pico' => '0.4',
                                     'Venice' => '0.6',
                                     'National' => 0,
                                     'Woodbine' => '0',
                                     'Palms' => '0',
                                     'Pearl' => 0
                                   },
                          '0-2' => {
                                     'Washington Blvd' => '0.5',
                                     'Airport' => 0,
                                     'Washington Place' => '0.666666666666667',
                                     'Barbara' => '1',
                                     'Ocean Park Blvd' => '1',
                                     'Rose' => '1',
                                     'Charnock' => 0,
                                     'Olympic' => '0.75',
                                     'Pico' => '0',
                                     'Venice' => '0.2',
                                     'National' => 0,
                                     'Woodbine' => '1',
                                     'Palms' => '1',
                                     'Pearl' => 0
                                   },
                          '7+' => {
                                    'Washington Blvd' => '0.5',
                                    'Airport' => 0,
                                    'Washington Place' => '0',
                                    'Barbara' => '0',
                                    'Ocean Park Blvd' => '0',
                                    'Rose' => '0',
                                    'Charnock' => 0,
                                    'Olympic' => '0',
                                    'Pico' => '0.6',
                                    'Venice' => '0.2',
                                    'National' => 0,
                                    'Woodbine' => '0',
                                    'Palms' => '0',
                                    'Pearl' => 0
                                  }
                        },
          'transition' => {
                            'Washington Blvd' => {
                                                   'Washington Blvd' => '0',
                                                   'Airport' => '0',
                                                   'Washington Place' => '0',
                                                   'Barbara' => '0',
                                                   'Ocean Park Blvd' => '0',
                                                   'Rose' => '0',
                                                   'Charnock' => '0',
                                                   'Olympic' => '0',
                                                   'Pico' => '0',
                                                   'Venice' => '1',
                                                   'National' => '0',
                                                   'Woodbine' => '0',
                                                   'Palms' => '0',
                                                   'Pearl' => '0'
                                                 },
                            'Airport' => {
                                           'Washington Blvd' => 0,
                                           'Airport' => 0,
                                           'Washington Place' => 0,
                                           'Barbara' => 0,
                                           'Ocean Park Blvd' => 0,
                                           'Rose' => 0,
                                           'Charnock' => 0,
                                           'Olympic' => 0,
                                           'Pico' => 0,
                                           'Venice' => 0,
                                           'National' => 0,
                                           'Woodbine' => 0,
                                           'Palms' => 0,
                                           'Pearl' => 0
                                         },
                            'Washington Place' => {
                                                    'Washington Blvd' => '0',
                                                    'Airport' => '0',
                                                    'Washington Place' => '0',
                                                    'Barbara' => '0.333333333333333',
                                                    'Ocean Park Blvd' => '0',
                                                    'Rose' => '0',
                                                    'Charnock' => '0',
                                                    'Olympic' => '0',
                                                    'Pico' => '0',
                                                    'Venice' => '0.666666666666667',
                                                    'National' => '0',
                                                    'Woodbine' => '0',
                                                    'Palms' => '0',
                                                    'Pearl' => '0'
                                                  },
                            'Barbara' => {
                                           'Washington Blvd' => '0',
                                           'Airport' => '0',
                                           'Washington Place' => '0',
                                           'Barbara' => '0',
                                           'Ocean Park Blvd' => '0',
                                           'Rose' => '0',
                                           'Charnock' => '0',
                                           'Olympic' => '0',
                                           'Pico' => '0',
                                           'Venice' => '1',
                                           'National' => '0',
                                           'Woodbine' => '0',
                                           'Palms' => '0',
                                           'Pearl' => '0'
                                         },
                            'Ocean Park Blvd' => {
                                                   'Washington Blvd' => '0',
                                                   'Airport' => '0',
                                                   'Washington Place' => '0',
                                                   'Barbara' => '0',
                                                   'Ocean Park Blvd' => '0',
                                                   'Rose' => '0',
                                                   'Charnock' => '0',
                                                   'Olympic' => '0',
                                                   'Pico' => '1',
                                                   'Venice' => '0',
                                                   'National' => '0',
                                                   'Woodbine' => '0',
                                                   'Palms' => '0',
                                                   'Pearl' => '0'
                                                 },
                            'Rose' => {
                                        'Washington Blvd' => '0',
                                        'Airport' => '0',
                                        'Washington Place' => '0',
                                        'Barbara' => '0',
                                        'Ocean Park Blvd' => '0',
                                        'Rose' => '0',
                                        'Charnock' => '0',
                                        'Olympic' => '0',
                                        'Pico' => '1',
                                        'Venice' => '0',
                                        'National' => '0',
                                        'Woodbine' => '0',
                                        'Palms' => '0',
                                        'Pearl' => '0'
                                      },
                            'Charnock' => {
                                            'Washington Blvd' => 0,
                                            'Airport' => 0,
                                            'Washington Place' => 0,
                                            'Barbara' => 0,
                                            'Ocean Park Blvd' => 0,
                                            'Rose' => 0,
                                            'Charnock' => 0,
                                            'Olympic' => 0,
                                            'Pico' => 0,
                                            'Venice' => 0,
                                            'National' => 0,
                                            'Woodbine' => 0,
                                            'Palms' => 0,
                                            'Pearl' => 0
                                          },
                            'Olympic' => {
                                           'Washington Blvd' => 0,
                                           'Airport' => 0,
                                           'Washington Place' => 0,
                                           'Barbara' => 0,
                                           'Ocean Park Blvd' => 0,
                                           'Rose' => 0,
                                           'Charnock' => 0,
                                           'Olympic' => 0,
                                           'Pico' => 0,
                                           'Venice' => 0,
                                           'National' => 0,
                                           'Woodbine' => 0,
                                           'Palms' => 0,
                                           'Pearl' => 0
                                         },
                            'Pico' => {
                                        'Washington Blvd' => '0',
                                        'Airport' => '0',
                                        'Washington Place' => '0',
                                        'Barbara' => '0',
                                        'Ocean Park Blvd' => '0',
                                        'Rose' => '0',
                                        'Charnock' => '0',
                                        'Olympic' => '1',
                                        'Pico' => '0',
                                        'Venice' => '0',
                                        'National' => '0',
                                        'Woodbine' => '0',
                                        'Palms' => '0',
                                        'Pearl' => '0'
                                      },
                            'Venice' => {
                                          'Washington Blvd' => '0',
                                          'Airport' => '0',
                                          'Washington Place' => '0',
                                          'Barbara' => '0',
                                          'Ocean Park Blvd' => '0',
                                          'Rose' => '0.2',
                                          'Charnock' => '0',
                                          'Olympic' => '0',
                                          'Pico' => '0.2',
                                          'Venice' => '0',
                                          'National' => '0',
                                          'Woodbine' => '0.4',
                                          'Palms' => '0.2',
                                          'Pearl' => '0'
                                        },
                            'National' => {
                                            'Washington Blvd' => 0,
                                            'Airport' => 0,
                                            'Washington Place' => 0,
                                            'Barbara' => 0,
                                            'Ocean Park Blvd' => 0,
                                            'Rose' => 0,
                                            'Charnock' => 0,
                                            'Olympic' => 0,
                                            'Pico' => 0,
                                            'Venice' => 0,
                                            'National' => 0,
                                            'Woodbine' => 0,
                                            'Palms' => 0,
                                            'Pearl' => 0
                                          },
                            'Woodbine' => {
                                            'Washington Blvd' => '0',
                                            'Airport' => '0',
                                            'Washington Place' => '0',
                                            'Barbara' => '0',
                                            'Ocean Park Blvd' => '0',
                                            'Rose' => '0.5',
                                            'Charnock' => '0',
                                            'Olympic' => '0',
                                            'Pico' => '0.5',
                                            'Venice' => '0',
                                            'National' => '0',
                                            'Woodbine' => '0',
                                            'Palms' => '0',
                                            'Pearl' => '0'
                                          },
                            'Palms' => {
                                         'Washington Blvd' => '0',
                                         'Airport' => '0',
                                         'Washington Place' => '0',
                                         'Barbara' => '0',
                                         'Ocean Park Blvd' => '1',
                                         'Rose' => '0',
                                         'Charnock' => '0',
                                         'Olympic' => '0',
                                         'Pico' => '0',
                                         'Venice' => '0',
                                         'National' => '0',
                                         'Woodbine' => '0',
                                         'Palms' => '0',
                                         'Pearl' => '0'
                                       },
                            'Pearl' => {
                                         'Washington Blvd' => 0,
                                         'Airport' => 0,
                                         'Washington Place' => 0,
                                         'Barbara' => 0,
                                         'Ocean Park Blvd' => 0,
                                         'Rose' => 0,
                                         'Charnock' => 0,
                                         'Olympic' => 0,
                                         'Pico' => 0,
                                         'Venice' => 0,
                                         'National' => 0,
                                         'Woodbine' => 0,
                                         'Palms' => 0,
                                         'Pearl' => 0
                                       }
                          },
          'start' => {
                       'Washington Blvd' => '0.4',
                       'Airport' => '0',
                       'Washington Place' => '0.6',
                       'Barbara' => '0',
                       'Ocean Park Blvd' => '0',
                       'Rose' => '0',
                       'Charnock' => '0',
                       'Olympic' => '0',
                       'Pico' => '0',
                       'Venice' => '0',
                       'National' => '0',
                       'Woodbine' => '0',
                       'Palms' => '0',
                       'Pearl' => '0'
                     }
        };


Calculating most likely stops given the sequence of boarder counts: (1, 4, 1, 2, 9)

Prob  : 0.0672
V_Path: $VAR1 = [
          'Washington Place',
          'Venice',
          'Rose',
          'Pico',
          'Olympic'
        ];
V_Prob: 0.0192
